This is pdfTeX, Version 3.14159265-2.6-1.40.20 (TeX Live 2019/Debian) (preloaded format=latex 2023.6.4)  25 AUG 2023 12:50
entering extended mode
 restricted \write18 enabled.
 %&-line parsing enabled.
**manual.tex
(./manual.tex
LaTeX2e <2020-02-02> patch level 2
L3 programming layer <2020-02-14>
(/usr/share/texlive/texmf-dist/tex/latex/base/latex209.def
File: latex209.def 2018/08/11 v0.54 Standard LaTeX file


          Entering LaTeX 2.09 COMPATIBILITY MODE
 *************************************************************
    !!WARNING!!    !!WARNING!!    !!WARNING!!    !!WARNING!!   
 
 This mode attempts to provide an emulation of the LaTeX 2.09
 author environment so that OLD documents can be successfully
 processed. It should NOT be used for NEW documents!
 
 New documents should use Standard LaTeX conventions and start
 with the \documentclass command.
 
 Compatibility mode is UNLIKELY TO WORK with LaTeX 2.09 style
 files that change any internal macros, especially not with
 those that change the FONT SELECTION or OUTPUT ROUTINES.
 
 Therefore such style files MUST BE UPDATED to use
          Current Standard LaTeX: LaTeX2e.
 If you suspect that you may be using such a style file, which
 is probably very, very old by now, then you should attempt to
 get it updated by sending a copy of this error message to the
 author of that file.
 *************************************************************

\footheight=\dimen134
\@maxsep=\dimen135
\@dblmaxsep=\dimen136
\@cla=\count167
\@clb=\count168
\mscount=\count169
(/usr/share/texlive/texmf-dist/tex/latex/base/tracefnt.sty
Package: tracefnt 2019/10/11 v3.0l Standard LaTeX package (font tracing)
\tracingfonts=\count170
LaTeX Info: Redefining \selectfont on input line 106.
)
\symbold=\mathgroup4
\symsans=\mathgroup5
\symtypewriter=\mathgroup6
\symitalic=\mathgroup7
\symsmallcaps=\mathgroup8
\symslanted=\mathgroup9
LaTeX Font Info:    Redeclaring math alphabet \mathbf on input line 269.
LaTeX Font Info:    Redeclaring math alphabet \mathsf on input line 270.
LaTeX Font Info:    Redeclaring math alphabet \mathtt on input line 271.
LaTeX Font Info:    Redeclaring math alphabet \mathit on input line 277.
LaTeX Info: Redefining \em on input line 287.

(/usr/share/texlive/texmf-dist/tex/latex/base/latexsym.sty
Package: latexsym 1998/08/17 v2.2e Standard LaTeX package (lasy symbols)
\symlasy=\mathgroup10
LaTeX Font Info:    Overwriting symbol font `lasy' in version `bold'
(Font)                  U/lasy/m/n --> U/lasy/b/n on input line 52.
)
LaTeX Font Info:    Redeclaring math delimiter \lgroup on input line 333.
LaTeX Font Info:    Redeclaring math delimiter \rgroup on input line 335.
LaTeX Font Info:    Redeclaring math delimiter \bracevert on input line 337.
)
(/usr/share/texlive/texmf-dist/tex/latex/base/article.cls
Document Class: article 2019/12/20 v1.4l Standard LaTeX document class
(/usr/share/texlive/texmf-dist/tex/latex/base/size11.clo
File: size11.clo 2019/12/20 v1.4l Standard LaTeX file (size option)
)
\c@part=\count171
\c@section=\count172
\c@subsection=\count173
\c@subsubsection=\count174
\c@paragraph=\count175
\c@subparagraph=\count176
\c@figure=\count177
\c@table=\count178
\abovecaptionskip=\skip47
\belowcaptionskip=\skip48
Compatibility mode: definition of \rm ignored.
Compatibility mode: definition of \sf ignored.
Compatibility mode: definition of \tt ignored.
Compatibility mode: definition of \bf ignored.
Compatibility mode: definition of \it ignored.
Compatibility mode: definition of \sl ignored.
Compatibility mode: definition of \sc ignored.
LaTeX Info: Redefining \cal on input line 497.
LaTeX Info: Redefining \mit on input line 498.
\bibindent=\dimen137
)
(/usr/share/texlive/texmf-dist/tex/latex/l3backend/l3backend-dvips.def
File: l3backend-dvips.def 2020-02-03 L3 backend support: dvips
\l__pdf_internal_box=\box45
\g__pdf_backend_object_int=\count179
\l__pdf_backend_content_box=\box46
\l__pdf_backend_model_box=\box47
\g__pdf_backend_annotation_int=\count180
\g__pdf_backend_link_int=\count181
\g__pdf_backend_link_sf_int=\count182
)
(./manual.aux)
\openout1 = `manual.aux'.

LaTeX Font Info:    Checking defaults for OML/cmm/m/it on input line 11.
LaTeX Font Info:    ... okay on input line 11.
LaTeX Font Info:    Checking defaults for OMS/cmsy/m/n on input line 11.
LaTeX Font Info:    ... okay on input line 11.
LaTeX Font Info:    Checking defaults for OT1/cmr/m/n on input line 11.
LaTeX Font Info:    ... okay on input line 11.
LaTeX Font Info:    Checking defaults for T1/cmr/m/n on input line 11.
LaTeX Font Info:    ... okay on input line 11.
LaTeX Font Info:    Checking defaults for TS1/cmr/m/n on input line 11.
LaTeX Font Info:    ... okay on input line 11.
LaTeX Font Info:    Checking defaults for OMX/cmex/m/n on input line 11.
LaTeX Font Info:    ... okay on input line 11.
LaTeX Font Info:    Checking defaults for U/cmr/m/n on input line 11.
LaTeX Font Info:    ... okay on input line 11.
LaTeX Font Info:    External font `cmex10' loaded for size
(Font)              <12> on input line 16.
LaTeX Font Info:    External font `cmex10' loaded for size
(Font)              <8> on input line 16.
LaTeX Font Info:    External font `cmex10' loaded for size
(Font)              <6> on input line 16.
LaTeX Font Info:    Trying to load font information for U+lasy on input line 16
.
 (/usr/share/texlive/texmf-dist/tex/latex/base/ulasy.fd
File: ulasy.fd 1998/08/17 v2.2e LaTeX symbol font definitions
)
LaTeX Font Info:    External font `cmex10' loaded for size
(Font)              <10.95> on input line 31.
 [1

]
[2] [3] [4] [5]
Overfull \hbox (4.59271pt too wide) in paragraph at lines 311--311
[]   \OT1/cmtt/m/n/10.95 (*h_center) = h_at_p( (*p_center), log_h_tab, log_p_ta
b, n_tab, &n_nearest);[] 
 []

[6] [7] [8] [9] [10] [11] [12]
Overfull \hbox (4.59271pt too wide) in paragraph at lines 1319--1319
[]                          \OT1/cmtt/m/n/10.95 f_gama[j][n+1][k] = f2n[n+1][j]
/(f2n[n+1][k]*sk*sk1);[] 
 []

[13]
Overfull \hbox (4.59271pt too wide) in paragraph at lines 1319--1319
[]                          \OT1/cmtt/m/n/10.95 f_gama[j][n+1][k] = f2n[n+1][j]
/(f2n[n+1][k]*sk*sk1);[] 
 []

[14] [15] [16]
Overfull \hbox (4.59271pt too wide) in paragraph at lines 1319--1319
[]      \OT1/cmtt/m/n/10.95 r_e=sqrt(2*h_center/(gama_pole_h+rho_pole_h-gama_ce
nter_h-rho_center_h));[] 
 []

[17] [18] [19]
Overfull \hbox (4.59271pt too wide) in paragraph at lines 1319--1319
[]                          \OT1/cmtt/m/n/10.95 - SQ(d_gama_m)) - m1*SQ(e_rsm)*
(SQ(SQ(sgp)*d_omega_s)[] 
 []

[20]
Overfull \hbox (10.3414pt too wide) in paragraph at lines 1319--1319
[]               \OT1/cmtt/m/n/10.95 sum_omega += (DM/3.0)*(sin_theta[m]*P1_2n_
1[m][n+1]*S_omega[k][m][] 
 []


Overfull \hbox (16.09009pt too wide) in paragraph at lines 1319--1319
[]                            \OT1/cmtt/m/n/10.95 +4.0*sin_theta[m+1]*P1_2n_1[m
+1][n+1]*S_omega[k][m+1][] 
 []


Overfull \hbox (4.59271pt too wide) in paragraph at lines 1319--1319
[]                            \OT1/cmtt/m/n/10.95 +sin_theta[m+2]*P1_2n_1[m+2][
n+1]*S_omega[k][m+2]);[] 
 []

[21] [22] [23] [24] [25] [26] [27] [28] [29]
Overfull \hbox (4.59271pt too wide) in paragraph at lines 1596--1596
[]                \OT1/cmtt/m/n/10.95 rho_0[s][m]=(energy[s][m]+pressure[s][m])
*exp(-enthalpy[s][m]);[] 
 []

[30] [31]
Overfull \hbox (10.3414pt too wide) in paragraph at lines 1596--1596
[]            \OT1/cmtt/m/n/10.95 + 2*s1*(d_gama_s+d_rho_s)+s1*s1*(d_gama_s*d_g
ama_s-d_rho_s*d_rho_s);[] 
 []

[32] [33] [34] [35]
Overfull \hbox (4.59271pt too wide) in paragraph at lines 2049--2049
[] \OT1/cmtt/m/n/10.95 double log_e_tab[201],               /* energy density/c
^2 in tabulated EOS */[] 
 []

[36] [37] [38] [39] [40] [41] [42] [43] (./manual.aux) ) 
Here is how much of TeX's memory you used:
 561 strings out of 483066
 8650 string characters out of 5963577
 256404 words of memory out of 5000000
 15634 multiletter control sequences out of 15000+600000
 544753 words of font info for 68 fonts, out of 8000000 for 9000
 81 hyphenation exceptions out of 8191
 23i,6n,24p,195b,245s stack positions out of 5000i,500n,10000p,200000b,80000s

Output written on manual.dvi (43 pages, 63668 bytes).
